{"C:\\VladProga\\fantogramma-test-task\\fantogramma-test-task\\src\\App.vue": {"path":"C:\\VladProga\\fantogramma-test-task\\fantogramma-test-task\\src\\App.vue","statementMap":{"0":{"start":{"line":17,"column":0},"end":{"line":17,"column":null}},"1":{"start":{"line":20,"column":0},"end":{"line":31,"column":null}},"2":{"start":{"line":20,"column":0},"end":{"line":20,"column":null}},"3":{"start":{"line":21,"column":0},"end":{"line":21,"column":null}},"4":{"start":{"line":23,"column":0},"end":{"line":30,"column":null}},"5":{"start":{"line":23,"column":0},"end":{"line":23,"column":null}},"6":{"start":{"line":24,"column":0},"end":{"line":24,"column":null}},"7":{"start":{"line":25,"column":0},"end":{"line":29,"column":null}},"8":{"start":{"line":25,"column":0},"end":{"line":25,"column":null}},"9":{"start":{"line":26,"column":0},"end":{"line":26,"column":null}},"10":{"start":{"line":27,"column":0},"end":{"line":27,"column":null}},"11":{"start":{"line":28,"column":0},"end":{"line":28,"column":null}},"12":{"start":{"line":31,"column":0},"end":{"line":31,"column":null}}},"fnMap":{"0":{"name":"(anonymous_4)","decl":{"start":{"line":20,"column":0},"end":{"line":20,"column":null}},"loc":{"start":{"line":20,"column":0},"end":{"line":31,"column":null}}},"1":{"name":"(anonymous_6)","decl":{"start":{"line":23,"column":0},"end":{"line":23,"column":null}},"loc":{"start":{"line":23,"column":0},"end":{"line":30,"column":null}}},"2":{"name":"(anonymous_7)","decl":{"start":{"line":25,"column":0},"end":{"line":25,"column":null}},"loc":{"start":{"line":25,"column":0},"end":{"line":25,"column":null}}}},"branchMap":{"0":{"loc":{"start":{"line":20,"column":0},"end":{"line":20,"column":null}},"type":"binary-expr","locations":[{"start":{"line":20,"column":0},"end":{"line":20,"column":null}},{"start":{"line":20,"column":0},"end":{"line":20,"column":null}},{"start":{"line":20,"column":0},"end":{"line":20,"column":null}}]},"1":{"loc":{"start":{"line":24,"column":0},"end":{"line":24,"column":null}},"type":"cond-expr","locations":[{"start":{"line":24,"column":0},"end":{"line":24,"column":null}},{"start":{"line":24,"column":0},"end":{"line":24,"column":null}}]}},"s":{"0":0,"1":0,"2":0,"3":0,"4":0,"5":0,"6":0,"7":0,"8":0,"9":0,"10":0,"11":0,"12":0},"f":{"0":0,"1":0,"2":0},"b":{"0":[0,0,0],"1":[0,0]}}
,"C:\\VladProga\\fantogramma-test-task\\fantogramma-test-task\\src\\components\\Canvas.vue": {"path":"C:\\VladProga\\fantogramma-test-task\\fantogramma-test-task\\src\\components\\Canvas.vue","statementMap":{"0":{"start":{"line":18,"column":0},"end":{"line":18,"column":null}},"1":{"start":{"line":19,"column":0},"end":{"line":19,"column":null}},"2":{"start":{"line":21,"column":0},"end":{"line":21,"column":null}},"3":{"start":{"line":38,"column":0},"end":{"line":182,"column":null}},"4":{"start":{"line":38,"column":0},"end":{"line":38,"column":null}},"5":{"start":{"line":52,"column":0},"end":{"line":52,"column":null}},"6":{"start":{"line":47,"column":0},"end":{"line":47,"column":null}},"7":{"start":{"line":54,"column":0},"end":{"line":54,"column":null}},"8":{"start":{"line":55,"column":0},"end":{"line":55,"column":null}},"9":{"start":{"line":56,"column":0},"end":{"line":56,"column":null}},"10":{"start":{"line":57,"column":0},"end":{"line":57,"column":null}},"11":{"start":{"line":64,"column":0},"end":{"line":64,"column":null}},"12":{"start":{"line":65,"column":0},"end":{"line":65,"column":null}},"13":{"start":{"line":68,"column":0},"end":{"line":79,"column":null}},"14":{"start":{"line":68,"column":0},"end":{"line":68,"column":null}},"15":{"start":{"line":69,"column":0},"end":{"line":78,"column":null}},"16":{"start":{"line":70,"column":0},"end":{"line":70,"column":null}},"17":{"start":{"line":71,"column":0},"end":{"line":71,"column":null}},"18":{"start":{"line":72,"column":0},"end":{"line":72,"column":null}},"19":{"start":{"line":73,"column":0},"end":{"line":73,"column":null}},"20":{"start":{"line":74,"column":0},"end":{"line":74,"column":null}},"21":{"start":{"line":75,"column":0},"end":{"line":75,"column":null}},"22":{"start":{"line":76,"column":0},"end":{"line":76,"column":null}},"23":{"start":{"line":81,"column":0},"end":{"line":81,"column":null}},"24":{"start":{"line":82,"column":0},"end":{"line":82,"column":null}},"25":{"start":{"line":85,"column":0},"end":{"line":92,"column":null}},"26":{"start":{"line":86,"column":0},"end":{"line":86,"column":null}},"27":{"start":{"line":87,"column":0},"end":{"line":87,"column":null}},"28":{"start":{"line":88,"column":0},"end":{"line":88,"column":null}},"29":{"start":{"line":89,"column":0},"end":{"line":91,"column":null}},"30":{"start":{"line":90,"column":0},"end":{"line":90,"column":null}},"31":{"start":{"line":94,"column":0},"end":{"line":108,"column":null}},"32":{"start":{"line":95,"column":0},"end":{"line":95,"column":null}},"33":{"start":{"line":97,"column":0},"end":{"line":97,"column":null}},"34":{"start":{"line":99,"column":0},"end":{"line":102,"column":null}},"35":{"start":{"line":100,"column":0},"end":{"line":100,"column":null}},"36":{"start":{"line":101,"column":0},"end":{"line":101,"column":null}},"37":{"start":{"line":103,"column":0},"end":{"line":103,"column":null}},"38":{"start":{"line":104,"column":0},"end":{"line":104,"column":null}},"39":{"start":{"line":105,"column":0},"end":{"line":105,"column":null}},"40":{"start":{"line":107,"column":0},"end":{"line":107,"column":null}},"41":{"start":{"line":110,"column":0},"end":{"line":175,"column":null}},"42":{"start":{"line":110,"column":0},"end":{"line":110,"column":null}},"43":{"start":{"line":111,"column":0},"end":{"line":111,"column":null}},"44":{"start":{"line":119,"column":0},"end":{"line":122,"column":null}},"45":{"start":{"line":120,"column":0},"end":{"line":120,"column":null}},"46":{"start":{"line":121,"column":0},"end":{"line":121,"column":null}},"47":{"start":{"line":124,"column":0},"end":{"line":134,"column":null}},"48":{"start":{"line":125,"column":0},"end":{"line":125,"column":null}},"49":{"start":{"line":127,"column":0},"end":{"line":127,"column":null}},"50":{"start":{"line":128,"column":0},"end":{"line":128,"column":null}},"51":{"start":{"line":129,"column":0},"end":{"line":129,"column":null}},"52":{"start":{"line":130,"column":0},"end":{"line":130,"column":null}},"53":{"start":{"line":132,"column":0},"end":{"line":132,"column":null}},"54":{"start":{"line":133,"column":0},"end":{"line":133,"column":null}},"55":{"start":{"line":136,"column":0},"end":{"line":155,"column":null}},"56":{"start":{"line":137,"column":0},"end":{"line":137,"column":null}},"57":{"start":{"line":138,"column":0},"end":{"line":138,"column":null}},"58":{"start":{"line":140,"column":0},"end":{"line":154,"column":null}},"59":{"start":{"line":141,"column":0},"end":{"line":141,"column":null}},"60":{"start":{"line":142,"column":0},"end":{"line":142,"column":null}},"61":{"start":{"line":143,"column":0},"end":{"line":143,"column":null}},"62":{"start":{"line":144,"column":0},"end":{"line":144,"column":null}},"63":{"start":{"line":157,"column":0},"end":{"line":163,"column":null}},"64":{"start":{"line":158,"column":0},"end":{"line":162,"column":null}},"65":{"start":{"line":159,"column":0},"end":{"line":159,"column":null}},"66":{"start":{"line":160,"column":0},"end":{"line":160,"column":null}},"67":{"start":{"line":161,"column":0},"end":{"line":161,"column":null}},"68":{"start":{"line":165,"column":0},"end":{"line":172,"column":null}},"69":{"start":{"line":166,"column":0},"end":{"line":171,"column":null}},"70":{"start":{"line":167,"column":0},"end":{"line":167,"column":null}},"71":{"start":{"line":168,"column":0},"end":{"line":168,"column":null}},"72":{"start":{"line":169,"column":0},"end":{"line":169,"column":null}},"73":{"start":{"line":174,"column":0},"end":{"line":174,"column":null}},"74":{"start":{"line":177,"column":0},"end":{"line":181,"column":null}},"75":{"start":{"line":180,"column":0},"end":{"line":180,"column":null}},"76":{"start":{"line":38,"column":0},"end":{"line":35,"column":null}},"77":{"start":{"line":182,"column":0},"end":{"line":182,"column":null}}},"fnMap":{"0":{"name":"(anonymous_2)","decl":{"start":{"line":38,"column":0},"end":{"line":38,"column":null}},"loc":{"start":{"line":38,"column":0},"end":{"line":182,"column":null}}},"1":{"name":"Canvas","decl":{"start":{"line":52,"column":0},"end":{"line":52,"column":null}},"loc":{"start":{"line":52,"column":0},"end":{"line":66,"column":null}}},"2":{"name":"(anonymous_4)","decl":{"start":{"line":68,"column":0},"end":{"line":68,"column":null}},"loc":{"start":{"line":68,"column":0},"end":{"line":79,"column":null}}},"3":{"name":"(anonymous_5)","decl":{"start":{"line":69,"column":0},"end":{"line":69,"column":null}},"loc":{"start":{"line":69,"column":0},"end":{"line":78,"column":null}}},"4":{"name":"(anonymous_7)","decl":{"start":{"line":85,"column":0},"end":{"line":85,"column":null}},"loc":{"start":{"line":85,"column":0},"end":{"line":92,"column":null}}},"5":{"name":"(anonymous_8)","decl":{"start":{"line":89,"column":0},"end":{"line":89,"column":null}},"loc":{"start":{"line":89,"column":0},"end":{"line":91,"column":null}}},"6":{"name":"(anonymous_9)","decl":{"start":{"line":94,"column":0},"end":{"line":94,"column":null}},"loc":{"start":{"line":94,"column":0},"end":{"line":108,"column":null}}},"7":{"name":"(anonymous_10)","decl":{"start":{"line":110,"column":0},"end":{"line":110,"column":null}},"loc":{"start":{"line":110,"column":0},"end":{"line":175,"column":null}}},"8":{"name":"(anonymous_11)","decl":{"start":{"line":119,"column":0},"end":{"line":119,"column":null}},"loc":{"start":{"line":119,"column":0},"end":{"line":122,"column":null}}},"9":{"name":"(anonymous_12)","decl":{"start":{"line":124,"column":0},"end":{"line":124,"column":null}},"loc":{"start":{"line":124,"column":0},"end":{"line":134,"column":null}}},"10":{"name":"(anonymous_13)","decl":{"start":{"line":136,"column":0},"end":{"line":136,"column":null}},"loc":{"start":{"line":136,"column":0},"end":{"line":155,"column":null}}},"11":{"name":"(anonymous_14)","decl":{"start":{"line":157,"column":0},"end":{"line":157,"column":null}},"loc":{"start":{"line":157,"column":0},"end":{"line":163,"column":null}}},"12":{"name":"(anonymous_15)","decl":{"start":{"line":165,"column":0},"end":{"line":165,"column":null}},"loc":{"start":{"line":165,"column":0},"end":{"line":172,"column":null}}},"13":{"name":"(anonymous_16)","decl":{"start":{"line":177,"column":0},"end":{"line":177,"column":null}},"loc":{"start":{"line":177,"column":0},"end":{"line":181,"column":null}}}},"branchMap":{"0":{"loc":{"start":{"line":52,"column":0},"end":{"line":52,"column":null}},"type":"binary-expr","locations":[{"start":{"line":52,"column":0},"end":{"line":52,"column":null}},{"start":{"line":52,"column":0},"end":{"line":52,"column":null}}]},"1":{"loc":{"start":{"line":99,"column":0},"end":{"line":102,"column":null}},"type":"if","locations":[{"start":{"line":99,"column":0},"end":{"line":102,"column":null}},{"start":{"line":99,"column":0},"end":{"line":102,"column":null}}]},"2":{"loc":{"start":{"line":140,"column":0},"end":{"line":154,"column":null}},"type":"if","locations":[{"start":{"line":140,"column":0},"end":{"line":154,"column":null}},{"start":{"line":140,"column":0},"end":{"line":154,"column":null}}]},"3":{"loc":{"start":{"line":140,"column":0},"end":{"line":140,"column":null}},"type":"binary-expr","locations":[{"start":{"line":140,"column":0},"end":{"line":140,"column":null}},{"start":{"line":140,"column":0},"end":{"line":140,"column":null}}]},"4":{"loc":{"start":{"line":158,"column":0},"end":{"line":162,"column":null}},"type":"if","locations":[{"start":{"line":158,"column":0},"end":{"line":162,"column":null}},{"start":{"line":158,"column":0},"end":{"line":162,"column":null}}]},"5":{"loc":{"start":{"line":166,"column":0},"end":{"line":171,"column":null}},"type":"if","locations":[{"start":{"line":166,"column":0},"end":{"line":171,"column":null}},{"start":{"line":166,"column":0},"end":{"line":171,"column":null}}]}},"s":{"0":0,"1":0,"2":0,"3":0,"4":0,"5":0,"6":0,"7":0,"8":0,"9":0,"10":0,"11":0,"12":0,"13":0,"14":0,"15":0,"16":0,"17":0,"18":0,"19":0,"20":0,"21":0,"22":0,"23":0,"24":0,"25":0,"26":0,"27":0,"28":0,"29":0,"30":0,"31":0,"32":0,"33":0,"34":0,"35":0,"36":0,"37":0,"38":0,"39":0,"40":0,"41":0,"42":0,"43":0,"44":0,"45":0,"46":0,"47":0,"48":0,"49":0,"50":0,"51":0,"52":0,"53":0,"54":0,"55":0,"56":0,"57":0,"58":0,"59":0,"60":0,"61":0,"62":0,"63":0,"64":0,"65":0,"66":0,"67":0,"68":0,"69":0,"70":0,"71":0,"72":0,"73":0,"74":0,"75":0,"76":0,"77":0},"f":{"0":0,"1":0,"2":0,"3":0,"4":0,"5":0,"6":0,"7":0,"8":0,"9":0,"10":0,"11":0,"12":0,"13":0},"b":{"0":[0,0],"1":[0,0],"2":[0,0],"3":[0,0],"4":[0,0],"5":[0,0]}}
,"C:\\VladProga\\fantogramma-test-task\\fantogramma-test-task\\src\\components\\Home.vue": {"path":"C:\\VladProga\\fantogramma-test-task\\fantogramma-test-task\\src\\components\\Home.vue","statementMap":{"0":{"start":{"line":15,"column":0},"end":{"line":15,"column":null}},"1":{"start":{"line":16,"column":0},"end":{"line":16,"column":null}},"2":{"start":{"line":21,"column":0},"end":{"line":23,"column":null}},"3":{"start":{"line":21,"column":0},"end":{"line":21,"column":null}},"4":{"start":{"line":21,"column":0},"end":{"line":18,"column":null}},"5":{"start":{"line":23,"column":0},"end":{"line":23,"column":null}}},"fnMap":{"0":{"name":"(anonymous_2)","decl":{"start":{"line":21,"column":0},"end":{"line":21,"column":null}},"loc":{"start":{"line":21,"column":0},"end":{"line":23,"column":null}}}},"branchMap":{},"s":{"0":0,"1":0,"2":0,"3":0,"4":0,"5":0},"f":{"0":0},"b":{}}
,"C:\\VladProga\\fantogramma-test-task\\fantogramma-test-task\\src\\components\\Table.vue": {"path":"C:\\VladProga\\fantogramma-test-task\\fantogramma-test-task\\src\\components\\Table.vue","statementMap":{"0":{"start":{"line":50,"column":0},"end":{"line":50,"column":null}},"1":{"start":{"line":51,"column":0},"end":{"line":51,"column":null}},"2":{"start":{"line":53,"column":0},"end":{"line":53,"column":null}},"3":{"start":{"line":59,"column":0},"end":{"line":146,"column":null}},"4":{"start":{"line":59,"column":0},"end":{"line":59,"column":null}},"5":{"start":{"line":65,"column":0},"end":{"line":65,"column":null}},"6":{"start":{"line":67,"column":0},"end":{"line":67,"column":null}},"7":{"start":{"line":68,"column":0},"end":{"line":68,"column":null}},"8":{"start":{"line":69,"column":0},"end":{"line":69,"column":null}},"9":{"start":{"line":72,"column":0},"end":{"line":75,"column":null}},"10":{"start":{"line":73,"column":0},"end":{"line":73,"column":null}},"11":{"start":{"line":74,"column":0},"end":{"line":74,"column":null}},"12":{"start":{"line":77,"column":0},"end":{"line":77,"column":null}},"13":{"start":{"line":78,"column":0},"end":{"line":78,"column":null}},"14":{"start":{"line":79,"column":0},"end":{"line":79,"column":null}},"15":{"start":{"line":80,"column":0},"end":{"line":80,"column":null}},"16":{"start":{"line":83,"column":0},"end":{"line":92,"column":null}},"17":{"start":{"line":84,"column":0},"end":{"line":84,"column":null}},"18":{"start":{"line":85,"column":0},"end":{"line":85,"column":null}},"19":{"start":{"line":86,"column":0},"end":{"line":90,"column":null}},"20":{"start":{"line":86,"column":0},"end":{"line":86,"column":null}},"21":{"start":{"line":87,"column":0},"end":{"line":87,"column":null}},"22":{"start":{"line":88,"column":0},"end":{"line":88,"column":null}},"23":{"start":{"line":89,"column":0},"end":{"line":89,"column":null}},"24":{"start":{"line":91,"column":0},"end":{"line":91,"column":null}},"25":{"start":{"line":94,"column":0},"end":{"line":94,"column":null}},"26":{"start":{"line":95,"column":0},"end":{"line":95,"column":null}},"27":{"start":{"line":96,"column":0},"end":{"line":96,"column":null}},"28":{"start":{"line":97,"column":0},"end":{"line":117,"column":null}},"29":{"start":{"line":98,"column":0},"end":{"line":106,"column":null}},"30":{"start":{"line":99,"column":0},"end":{"line":101,"column":null}},"31":{"start":{"line":100,"column":0},"end":{"line":100,"column":null}},"32":{"start":{"line":102,"column":0},"end":{"line":104,"column":null}},"33":{"start":{"line":103,"column":0},"end":{"line":103,"column":null}},"34":{"start":{"line":105,"column":0},"end":{"line":105,"column":null}},"35":{"start":{"line":108,"column":0},"end":{"line":116,"column":null}},"36":{"start":{"line":109,"column":0},"end":{"line":111,"column":null}},"37":{"start":{"line":110,"column":0},"end":{"line":110,"column":null}},"38":{"start":{"line":112,"column":0},"end":{"line":114,"column":null}},"39":{"start":{"line":113,"column":0},"end":{"line":113,"column":null}},"40":{"start":{"line":115,"column":0},"end":{"line":115,"column":null}},"41":{"start":{"line":118,"column":0},"end":{"line":118,"column":null}},"42":{"start":{"line":121,"column":0},"end":{"line":121,"column":null}},"43":{"start":{"line":122,"column":0},"end":{"line":122,"column":null}},"44":{"start":{"line":125,"column":0},"end":{"line":125,"column":null}},"45":{"start":{"line":126,"column":0},"end":{"line":126,"column":null}},"46":{"start":{"line":129,"column":0},"end":{"line":129,"column":null}},"47":{"start":{"line":130,"column":0},"end":{"line":130,"column":null}},"48":{"start":{"line":133,"column":0},"end":{"line":140,"column":null}},"49":{"start":{"line":134,"column":0},"end":{"line":139,"column":null}},"50":{"start":{"line":135,"column":0},"end":{"line":135,"column":null}},"51":{"start":{"line":137,"column":0},"end":{"line":137,"column":null}},"52":{"start":{"line":138,"column":0},"end":{"line":138,"column":null}},"53":{"start":{"line":142,"column":0},"end":{"line":145,"column":null}},"54":{"start":{"line":143,"column":0},"end":{"line":143,"column":null}},"55":{"start":{"line":144,"column":0},"end":{"line":144,"column":null}},"56":{"start":{"line":59,"column":0},"end":{"line":56,"column":null}},"57":{"start":{"line":146,"column":0},"end":{"line":146,"column":null}}},"fnMap":{"0":{"name":"(anonymous_2)","decl":{"start":{"line":59,"column":0},"end":{"line":59,"column":null}},"loc":{"start":{"line":59,"column":0},"end":{"line":146,"column":null}}},"1":{"name":"Table","decl":{"start":{"line":65,"column":0},"end":{"line":65,"column":null}},"loc":{"start":{"line":65,"column":0},"end":{"line":70,"column":null}}},"2":{"name":"(anonymous_4)","decl":{"start":{"line":72,"column":0},"end":{"line":72,"column":null}},"loc":{"start":{"line":72,"column":0},"end":{"line":75,"column":null}}},"3":{"name":"(anonymous_6)","decl":{"start":{"line":83,"column":0},"end":{"line":83,"column":null}},"loc":{"start":{"line":83,"column":0},"end":{"line":92,"column":null}}},"4":{"name":"(anonymous_8)","decl":{"start":{"line":98,"column":0},"end":{"line":98,"column":null}},"loc":{"start":{"line":98,"column":0},"end":{"line":106,"column":null}}},"5":{"name":"(anonymous_9)","decl":{"start":{"line":108,"column":0},"end":{"line":108,"column":null}},"loc":{"start":{"line":108,"column":0},"end":{"line":116,"column":null}}},"6":{"name":"(anonymous_13)","decl":{"start":{"line":133,"column":0},"end":{"line":133,"column":null}},"loc":{"start":{"line":133,"column":0},"end":{"line":140,"column":null}}},"7":{"name":"(anonymous_14)","decl":{"start":{"line":142,"column":0},"end":{"line":142,"column":null}},"loc":{"start":{"line":142,"column":0},"end":{"line":145,"column":null}}}},"branchMap":{"0":{"loc":{"start":{"line":65,"column":0},"end":{"line":65,"column":null}},"type":"binary-expr","locations":[{"start":{"line":65,"column":0},"end":{"line":65,"column":null}},{"start":{"line":65,"column":0},"end":{"line":65,"column":null}}]},"1":{"loc":{"start":{"line":97,"column":0},"end":{"line":117,"column":null}},"type":"if","locations":[{"start":{"line":97,"column":0},"end":{"line":117,"column":null}},{"start":{"line":97,"column":0},"end":{"line":117,"column":null}}]},"2":{"loc":{"start":{"line":99,"column":0},"end":{"line":101,"column":null}},"type":"if","locations":[{"start":{"line":99,"column":0},"end":{"line":101,"column":null}},{"start":{"line":99,"column":0},"end":{"line":101,"column":null}}]},"3":{"loc":{"start":{"line":102,"column":0},"end":{"line":104,"column":null}},"type":"if","locations":[{"start":{"line":102,"column":0},"end":{"line":104,"column":null}},{"start":{"line":102,"column":0},"end":{"line":104,"column":null}}]},"4":{"loc":{"start":{"line":109,"column":0},"end":{"line":111,"column":null}},"type":"if","locations":[{"start":{"line":109,"column":0},"end":{"line":111,"column":null}},{"start":{"line":109,"column":0},"end":{"line":111,"column":null}}]},"5":{"loc":{"start":{"line":112,"column":0},"end":{"line":114,"column":null}},"type":"if","locations":[{"start":{"line":112,"column":0},"end":{"line":114,"column":null}},{"start":{"line":112,"column":0},"end":{"line":114,"column":null}}]},"6":{"loc":{"start":{"line":122,"column":0},"end":{"line":122,"column":null}},"type":"cond-expr","locations":[{"start":{"line":122,"column":0},"end":{"line":122,"column":null}},{"start":{"line":122,"column":0},"end":{"line":122,"column":null}}]},"7":{"loc":{"start":{"line":126,"column":0},"end":{"line":126,"column":null}},"type":"binary-expr","locations":[{"start":{"line":126,"column":0},"end":{"line":126,"column":null}},{"start":{"line":126,"column":0},"end":{"line":126,"column":null}}]},"8":{"loc":{"start":{"line":134,"column":0},"end":{"line":139,"column":null}},"type":"if","locations":[{"start":{"line":134,"column":0},"end":{"line":139,"column":null}},{"start":{"line":134,"column":0},"end":{"line":139,"column":null}}]}},"s":{"0":1,"1":1,"2":1,"3":1,"4":1,"5":1,"6":1,"7":1,"8":1,"9":1,"10":1,"11":1,"12":1,"13":1,"14":1,"15":1,"16":1,"17":1,"18":1,"19":1,"20":1,"21":0,"22":0,"23":0,"24":1,"25":1,"26":1,"27":1,"28":1,"29":1,"30":0,"31":0,"32":0,"33":0,"34":0,"35":0,"36":0,"37":0,"38":0,"39":0,"40":0,"41":1,"42":1,"43":0,"44":1,"45":0,"46":1,"47":0,"48":1,"49":0,"50":0,"51":0,"52":0,"53":1,"54":0,"55":0,"56":1,"57":1},"f":{"0":1,"1":1,"2":1,"3":1,"4":0,"5":0,"6":0,"7":0},"b":{"0":[1,1],"1":[1,0],"2":[0,0],"3":[0,0],"4":[0,0],"5":[0,0],"6":[0,0],"7":[0,0],"8":[0,0]}}
,"C:\\VladProga\\fantogramma-test-task\\fantogramma-test-task\\src\\components\\UI\\Button.vue": {"path":"C:\\VladProga\\fantogramma-test-task\\fantogramma-test-task\\src\\components\\UI\\Button.vue","statementMap":{"0":{"start":{"line":12,"column":0},"end":{"line":12,"column":null}},"1":{"start":{"line":15,"column":0},"end":{"line":18,"column":null}},"2":{"start":{"line":15,"column":0},"end":{"line":15,"column":null}},"3":{"start":{"line":16,"column":0},"end":{"line":16,"column":null}},"4":{"start":{"line":17,"column":0},"end":{"line":17,"column":null}},"5":{"start":{"line":18,"column":0},"end":{"line":18,"column":null}}},"fnMap":{"0":{"name":"(anonymous_1)","decl":{"start":{"line":15,"column":0},"end":{"line":15,"column":null}},"loc":{"start":{"line":15,"column":0},"end":{"line":18,"column":null}}}},"branchMap":{},"s":{"0":1,"1":1,"2":2,"3":1,"4":1,"5":1},"f":{"0":1},"b":{}}
}
