TN:
SF:src\App.vue
FN:20,(anonymous_4)
FN:23,(anonymous_6)
FN:25,(anonymous_7)
FNF:3
FNH:0
FNDA:0,(anonymous_4)
FNDA:0,(anonymous_6)
FNDA:0,(anonymous_7)
DA:17,0
DA:20,0
DA:21,0
DA:23,0
DA:24,0
DA:25,0
DA:26,0
DA:27,0
DA:28,0
DA:31,0
LF:10
LH:0
BRDA:20,0,0,0
BRDA:20,0,1,0
BRDA:20,0,2,0
BRDA:24,1,0,0
BRDA:24,1,1,0
BRF:5
BRH:0
end_of_record
TN:
SF:src\components\Canvas.vue
FN:38,(anonymous_2)
FN:52,Canvas
FN:68,(anonymous_4)
FN:69,(anonymous_5)
FN:85,(anonymous_7)
FN:89,(anonymous_8)
FN:94,(anonymous_9)
FN:110,(anonymous_10)
FN:119,(anonymous_11)
FN:124,(anonymous_12)
FN:136,(anonymous_13)
FN:157,(anonymous_14)
FN:165,(anonymous_15)
FN:177,(anonymous_16)
FNF:14
FNH:0
FNDA:0,(anonymous_2)
FNDA:0,Canvas
FNDA:0,(anonymous_4)
FNDA:0,(anonymous_5)
FNDA:0,(anonymous_7)
FNDA:0,(anonymous_8)
FNDA:0,(anonymous_9)
FNDA:0,(anonymous_10)
FNDA:0,(anonymous_11)
FNDA:0,(anonymous_12)
FNDA:0,(anonymous_13)
FNDA:0,(anonymous_14)
FNDA:0,(anonymous_15)
FNDA:0,(anonymous_16)
DA:18,0
DA:19,0
DA:21,0
DA:38,0
DA:47,0
DA:52,0
DA:54,0
DA:55,0
DA:56,0
DA:57,0
DA:64,0
DA:65,0
DA:68,0
DA:69,0
DA:70,0
DA:71,0
DA:72,0
DA:73,0
DA:74,0
DA:75,0
DA:76,0
DA:81,0
DA:82,0
DA:85,0
DA:86,0
DA:87,0
DA:88,0
DA:89,0
DA:90,0
DA:94,0
DA:95,0
DA:97,0
DA:99,0
DA:100,0
DA:101,0
DA:103,0
DA:104,0
DA:105,0
DA:107,0
DA:110,0
DA:111,0
DA:119,0
DA:120,0
DA:121,0
DA:124,0
DA:125,0
DA:127,0
DA:128,0
DA:129,0
DA:130,0
DA:132,0
DA:133,0
DA:136,0
DA:137,0
DA:138,0
DA:140,0
DA:141,0
DA:142,0
DA:143,0
DA:144,0
DA:157,0
DA:158,0
DA:159,0
DA:160,0
DA:161,0
DA:165,0
DA:166,0
DA:167,0
DA:168,0
DA:169,0
DA:174,0
DA:177,0
DA:180,0
DA:182,0
LF:74
LH:0
BRDA:52,0,0,0
BRDA:52,0,1,0
BRDA:99,1,0,0
BRDA:99,1,1,0
BRDA:140,2,0,0
BRDA:140,2,1,0
BRDA:140,3,0,0
BRDA:140,3,1,0
BRDA:158,4,0,0
BRDA:158,4,1,0
BRDA:166,5,0,0
BRDA:166,5,1,0
BRF:12
BRH:0
end_of_record
TN:
SF:src\components\Home.vue
FN:21,(anonymous_2)
FNF:1
FNH:0
FNDA:0,(anonymous_2)
DA:15,0
DA:16,0
DA:21,0
DA:23,0
LF:4
LH:0
BRF:0
BRH:0
end_of_record
TN:
SF:src\components\Table.vue
FN:59,(anonymous_2)
FN:65,Table
FN:72,(anonymous_4)
FN:83,(anonymous_6)
FN:98,(anonymous_8)
FN:108,(anonymous_9)
FN:133,(anonymous_13)
FN:142,(anonymous_14)
FNF:8
FNH:4
FNDA:1,(anonymous_2)
FNDA:1,Table
FNDA:1,(anonymous_4)
FNDA:1,(anonymous_6)
FNDA:0,(anonymous_8)
FNDA:0,(anonymous_9)
FNDA:0,(anonymous_13)
FNDA:0,(anonymous_14)
DA:50,1
DA:51,1
DA:53,1
DA:59,1
DA:65,1
DA:67,1
DA:68,1
DA:69,1
DA:72,1
DA:73,1
DA:74,1
DA:77,1
DA:78,1
DA:79,1
DA:80,1
DA:83,1
DA:84,1
DA:85,1
DA:86,1
DA:87,0
DA:88,0
DA:89,0
DA:91,1
DA:94,1
DA:95,1
DA:96,1
DA:97,1
DA:98,1
DA:99,0
DA:100,0
DA:102,0
DA:103,0
DA:105,0
DA:108,0
DA:109,0
DA:110,0
DA:112,0
DA:113,0
DA:115,0
DA:118,1
DA:121,1
DA:122,0
DA:125,1
DA:126,0
DA:129,1
DA:130,0
DA:133,1
DA:134,0
DA:135,0
DA:137,0
DA:138,0
DA:142,1
DA:143,0
DA:144,0
DA:146,1
LF:55
LH:32
BRDA:65,0,0,1
BRDA:65,0,1,1
BRDA:97,1,0,1
BRDA:97,1,1,0
BRDA:99,2,0,0
BRDA:99,2,1,0
BRDA:102,3,0,0
BRDA:102,3,1,0
BRDA:109,4,0,0
BRDA:109,4,1,0
BRDA:112,5,0,0
BRDA:112,5,1,0
BRDA:122,6,0,0
BRDA:122,6,1,0
BRDA:126,7,0,0
BRDA:126,7,1,0
BRDA:134,8,0,0
BRDA:134,8,1,0
BRF:18
BRH:3
end_of_record
TN:
SF:src\components\UI\Button.vue
FN:15,(anonymous_1)
FNF:1
FNH:1
FNDA:1,(anonymous_1)
DA:12,1
DA:15,2
DA:16,1
DA:17,1
DA:18,1
LF:5
LH:5
BRF:0
BRH:0
end_of_record
